<?xml version="1.0" encoding="UTF-8"?>
<testsuite name="LeetSpeakTest" tests="2" skipped="0" failures="0" errors="0" timestamp="2016-07-03T17:57:51" hostname="Matthews-MacBook-Pro-2.local" time="0.002">
  <properties/>
  <testcase name="leetSpeak_forNoSpecialLettersEOLS_originalString" classname="LeetSpeakTest" time="0.002"/>
  <testcase name="leetSpeak_forLetterEInWord_ReplaceWith3" classname="LeetSpeakTest" time="0.0"/>
  <system-out><![CDATA[]]></system-out>
  <system-err><![CDATA[]]></system-err>
</testsuite>
