<?xml version="1.0" encoding="UTF-8"?>
<testsuite name="PingPongTest" tests="2" skipped="0" failures="0" errors="0" timestamp="2016-06-30T04:03:17" hostname="Matthews-MBP-2.att.net" time="0.001">
  <properties/>
  <testcase name="pingPong_forNumberDivisibleByThree_arrayOfNumbersOneThroughTwoAndPing" classname="PingPongTest" time="0.001"/>
  <testcase name="pingPong_forNumberLessThanThree_arrayOfNumbersOneThroughNumber" classname="PingPongTest" time="0.0"/>
  <system-out><![CDATA[]]></system-out>
  <system-err><![CDATA[]]></system-err>
</testsuite>
