<?xml version="1.0" encoding="UTF-8"?>
<testsuite name="LeetSpeakTest" tests="4" skipped="0" failures="0" errors="0" timestamp="2016-07-03T20:01:06" hostname="Matthews-MacBook-Pro-2.local" time="0.004">
  <properties/>
  <testcase name="leetSpeak_forCapitalLInPhrase_RelpaceWith1" classname="LeetSpeakTest" time="0.002"/>
  <testcase name="leetSpeak_forNoSpecialLettersEOLS_originalString" classname="LeetSpeakTest" time="0.0"/>
  <testcase name="leetSpeak_forLetterEInWord_ReplaceWith3" classname="LeetSpeakTest" time="0.0"/>
  <testcase name="leetSpeak_forLetterOInWord_ReplaceWith0" classname="LeetSpeakTest" time="0.0"/>
  <system-out><![CDATA[]]></system-out>
  <system-err><![CDATA[]]></system-err>
</testsuite>
