<?xml version="1.0" encoding="UTF-8"?>
<testsuite name="LeetSpeakTest" tests="1" skipped="0" failures="0" errors="0" timestamp="2016-07-03T15:09:54" hostname="Matthews-MacBook-Pro-2.local" time="0.001">
  <properties/>
  <testcase name="leetSpeak_forNoSpecialLettersEOLS_originalString" classname="LeetSpeakTest" time="0.001"/>
  <system-out><![CDATA[]]></system-out>
  <system-err><![CDATA[]]></system-err>
</testsuite>
