<?xml version="1.0" encoding="UTF-8"?>
<testsuite name="PingPongTest" tests="4" skipped="0" failures="0" errors="0" timestamp="2016-07-03T15:09:54" hostname="Matthews-MacBook-Pro-2.local" time="0.002">
  <properties/>
  <testcase name="pingPong_forNumberDivisibleByThree_arrayOfNumbersOneThroughTwoAndPing" classname="PingPongTest" time="0.001"/>
  <testcase name="pingPong_forNumberLessThanThree_arrayOfNumbersOneThroughNumber" classname="PingPongTest" time="0.0"/>
  <testcase name="pingPong_forNumberDivisibleByFive_OneTwoPingFourPong" classname="PingPongTest" time="0.0"/>
  <testcase name="pingPong_forNumberDivisibleByFifteen_OneTwoPingFourPongEtc" classname="PingPongTest" time="0.0"/>
  <system-out><![CDATA[]]></system-out>
  <system-err><![CDATA[]]></system-err>
</testsuite>
