<?xml version="1.0" encoding="UTF-8"?>
<testsuite name="LeapYearTest" tests="4" skipped="0" failures="0" errors="0" timestamp="2016-07-03T15:09:54" hostname="Matthews-MacBook-Pro-2.local" time="0.004">
  <properties/>
  <testcase name="isLeapYear_forMultiplesOfFourHundred_true" classname="LeapYearTest" time="0.002"/>
  <testcase name="isLeapYear_forNumberDivisibleByFour_true" classname="LeapYearTest" time="0.0"/>
  <testcase name="isLeapYear_forNumbersNotDivisibleByFour_false" classname="LeapYearTest" time="0.0"/>
  <testcase name="isLeapYear_forMultiplesOfOneHundred_false" classname="LeapYearTest" time="0.001"/>
  <system-out><![CDATA[]]></system-out>
  <system-err><![CDATA[]]></system-err>
</testsuite>
